<?xml version="1.0" encoding="UTF-8"?>
<testsuite xmlns:xsi="http://www.w3.org/2001/XMLSchema-instance" xsi:noNamespaceSchemaLocation="https://maven.apache.org/surefire/maven-surefire-plugin/xsd/surefire-test-report-3.0.xsd" version="3.0" name="org.csystem.app.ApplicationTests" time="1.155" tests="1" errors="0" skipped="0" failures="0">
  <properties>
    <property name="java.specification.version" value="17"/>
    <property name="sun.jnu.encoding" value="UTF-8"/>
    <property name="java.class.path" value="/Users/furkanzengin/IdeaProjects/JavaApp1-Mar-2023/src/SpringBootExample/SpringApplications/002-Dependency Injection/target/test-classes:/Users/furkanzengin/IdeaProjects/JavaApp1-Mar-2023/src/SpringBootExample/SpringApplications/002-Dependency Injection/target/classes:/Users/furkanzengin/.m2/repository/org/springframework/boot/spring-boot-starter/3.2.10/spring-boot-starter-3.2.10.jar:/Users/furkanzengin/.m2/repository/org/springframework/boot/spring-boot/3.2.10/spring-boot-3.2.10.jar:/Users/furkanzengin/.m2/repository/org/springframework/spring-context/6.1.13/spring-context-6.1.13.jar:/Users/furkanzengin/.m2/repository/org/springframework/spring-aop/6.1.13/spring-aop-6.1.13.jar:/Users/furkanzengin/.m2/repository/org/springframework/spring-beans/6.1.13/spring-beans-6.1.13.jar:/Users/furkanzengin/.m2/repository/org/springframework/spring-expression/6.1.13/spring-expression-6.1.13.jar:/Users/furkanzengin/.m2/repository/io/micrometer/micrometer-observation/1.12.10/micrometer-observation-1.12.10.jar:/Users/furkanzengin/.m2/repository/io/micrometer/micrometer-commons/1.12.10/micrometer-commons-1.12.10.jar:/Users/furkanzengin/.m2/repository/org/springframework/boot/spring-boot-autoconfigure/3.2.10/spring-boot-autoconfigure-3.2.10.jar:/Users/furkanzengin/.m2/repository/org/springframework/boot/spring-boot-starter-logging/3.2.10/spring-boot-starter-logging-3.2.10.jar:/Users/furkanzengin/.m2/repository/ch/qos/logback/logback-classic/1.4.14/logback-classic-1.4.14.jar:/Users/furkanzengin/.m2/repository/ch/qos/logback/logback-core/1.4.14/logback-core-1.4.14.jar:/Users/furkanzengin/.m2/repository/org/apache/logging/log4j/log4j-to-slf4j/2.21.1/log4j-to-slf4j-2.21.1.jar:/Users/furkanzengin/.m2/repository/org/apache/logging/log4j/log4j-api/2.21.1/log4j-api-2.21.1.jar:/Users/furkanzengin/.m2/repository/org/slf4j/jul-to-slf4j/2.0.16/jul-to-slf4j-2.0.16.jar:/Users/furkanzengin/.m2/repository/jakarta/annotation/jakarta.annotation-api/2.1.1/jakarta.annotation-api-2.1.1.jar:/Users/furkanzengin/.m2/repository/org/springframework/spring-core/6.1.13/spring-core-6.1.13.jar:/Users/furkanzengin/.m2/repository/org/springframework/spring-jcl/6.1.13/spring-jcl-6.1.13.jar:/Users/furkanzengin/.m2/repository/org/yaml/snakeyaml/2.2/snakeyaml-2.2.jar:/Users/furkanzengin/.m2/repository/com/karandev/com-karandev-util-console/14.4.0/com-karandev-util-console-14.4.0.jar:/Users/furkanzengin/.m2/repository/org/springframework/boot/spring-boot-starter-test/3.2.10/spring-boot-starter-test-3.2.10.jar:/Users/furkanzengin/.m2/repository/org/springframework/boot/spring-boot-test/3.2.10/spring-boot-test-3.2.10.jar:/Users/furkanzengin/.m2/repository/org/springframework/boot/spring-boot-test-autoconfigure/3.2.10/spring-boot-test-autoconfigure-3.2.10.jar:/Users/furkanzengin/.m2/repository/com/jayway/jsonpath/json-path/2.9.0/json-path-2.9.0.jar:/Users/furkanzengin/.m2/repository/org/slf4j/slf4j-api/2.0.16/slf4j-api-2.0.16.jar:/Users/furkanzengin/.m2/repository/jakarta/xml/bind/jakarta.xml.bind-api/4.0.2/jakarta.xml.bind-api-4.0.2.jar:/Users/furkanzengin/.m2/repository/jakarta/activation/jakarta.activation-api/2.1.3/jakarta.activation-api-2.1.3.jar:/Users/furkanzengin/.m2/repository/net/minidev/json-smart/2.5.1/json-smart-2.5.1.jar:/Users/furkanzengin/.m2/repository/net/minidev/accessors-smart/2.5.1/accessors-smart-2.5.1.jar:/Users/furkanzengin/.m2/repository/org/ow2/asm/asm/9.6/asm-9.6.jar:/Users/furkanzengin/.m2/repository/org/assertj/assertj-core/3.24.2/assertj-core-3.24.2.jar:/Users/furkanzengin/.m2/repository/net/bytebuddy/byte-buddy/1.14.19/byte-buddy-1.14.19.jar:/Users/furkanzengin/.m2/repository/org/awaitility/awaitility/4.2.2/awaitility-4.2.2.jar:/Users/furkanzengin/.m2/repository/org/hamcrest/hamcrest/2.2/hamcrest-2.2.jar:/Users/furkanzengin/.m2/repository/org/junit/jupiter/junit-jupiter/5.10.3/junit-jupiter-5.10.3.jar:/Users/furkanzengin/.m2/repository/org/junit/jupiter/junit-jupiter-api/5.10.3/junit-jupiter-api-5.10.3.jar:/Users/furkanzengin/.m2/repository/org/opentest4j/opentest4j/1.3.0/opentest4j-1.3.0.jar:/Users/furkanzengin/.m2/repository/org/junit/platform/junit-platform-commons/1.10.3/junit-platform-commons-1.10.3.jar:/Users/furkanzengin/.m2/repository/org/apiguardian/apiguardian-api/1.1.2/apiguardian-api-1.1.2.jar:/Users/furkanzengin/.m2/repository/org/junit/jupiter/junit-jupiter-params/5.10.3/junit-jupiter-params-5.10.3.jar:/Users/furkanzengin/.m2/repository/org/junit/jupiter/junit-jupiter-engine/5.10.3/junit-jupiter-engine-5.10.3.jar:/Users/furkanzengin/.m2/repository/org/junit/platform/junit-platform-engine/1.10.3/junit-platform-engine-1.10.3.jar:/Users/furkanzengin/.m2/repository/org/mockito/mockito-core/5.7.0/mockito-core-5.7.0.jar:/Users/furkanzengin/.m2/repository/net/bytebuddy/byte-buddy-agent/1.14.19/byte-buddy-agent-1.14.19.jar:/Users/furkanzengin/.m2/repository/org/objenesis/objenesis/3.3/objenesis-3.3.jar:/Users/furkanzengin/.m2/repository/org/mockito/mockito-junit-jupiter/5.7.0/mockito-junit-jupiter-5.7.0.jar:/Users/furkanzengin/.m2/repository/org/skyscreamer/jsonassert/1.5.3/jsonassert-1.5.3.jar:/Users/furkanzengin/.m2/repository/com/vaadin/external/google/android-json/0.0.20131108.vaadin1/android-json-0.0.20131108.vaadin1.jar:/Users/furkanzengin/.m2/repository/org/springframework/spring-test/6.1.13/spring-test-6.1.13.jar:/Users/furkanzengin/.m2/repository/org/xmlunit/xmlunit-core/2.9.1/xmlunit-core-2.9.1.jar:/Users/furkanzengin/.m2/repository/com/karandev/com-karandev-util-spring-datetime/14.0.0/com-karandev-util-spring-datetime-14.0.0.jar:"/>
    <property name="java.vm.vendor" value="Oracle Corporation"/>
    <property name="sun.arch.data.model" value="64"/>
    <property name="java.vendor.url" value="https://java.oracle.com/"/>
    <property name="user.timezone" value="Europe/Istanbul"/>
    <property name="os.name" value="Mac OS X"/>
    <property name="java.vm.specification.version" value="17"/>
    <property name="sun.java.launcher" value="SUN_STANDARD"/>
    <property name="user.country" value="TR"/>
    <property name="sun.boot.library.path" value="/Library/Java/JavaVirtualMachines/jdk-17.jdk/Contents/Home/lib"/>
    <property name="sun.java.command" value="/Users/furkanzengin/IdeaProjects/JavaApp1-Mar-2023/src/SpringBootExample/SpringApplications/002-Dependency Injection/target/surefire/surefirebooter-20241004001549856_3.jar /Users/furkanzengin/IdeaProjects/JavaApp1-Mar-2023/src/SpringBootExample/SpringApplications/002-Dependency Injection/target/surefire 2024-10-04T00-15-49_810-jvmRun1 surefire-20241004001549856_1tmp surefire_0-20241004001549856_2tmp"/>
    <property name="http.nonProxyHosts" value="local|*.local|169.254/16|*.169.254/16"/>
    <property name="jdk.debug" value="release"/>
    <property name="surefire.test.class.path" value="/Users/furkanzengin/IdeaProjects/JavaApp1-Mar-2023/src/SpringBootExample/SpringApplications/002-Dependency Injection/target/test-classes:/Users/furkanzengin/IdeaProjects/JavaApp1-Mar-2023/src/SpringBootExample/SpringApplications/002-Dependency Injection/target/classes:/Users/furkanzengin/.m2/repository/org/springframework/boot/spring-boot-starter/3.2.10/spring-boot-starter-3.2.10.jar:/Users/furkanzengin/.m2/repository/org/springframework/boot/spring-boot/3.2.10/spring-boot-3.2.10.jar:/Users/furkanzengin/.m2/repository/org/springframework/spring-context/6.1.13/spring-context-6.1.13.jar:/Users/furkanzengin/.m2/repository/org/springframework/spring-aop/6.1.13/spring-aop-6.1.13.jar:/Users/furkanzengin/.m2/repository/org/springframework/spring-beans/6.1.13/spring-beans-6.1.13.jar:/Users/furkanzengin/.m2/repository/org/springframework/spring-expression/6.1.13/spring-expression-6.1.13.jar:/Users/furkanzengin/.m2/repository/io/micrometer/micrometer-observation/1.12.10/micrometer-observation-1.12.10.jar:/Users/furkanzengin/.m2/repository/io/micrometer/micrometer-commons/1.12.10/micrometer-commons-1.12.10.jar:/Users/furkanzengin/.m2/repository/org/springframework/boot/spring-boot-autoconfigure/3.2.10/spring-boot-autoconfigure-3.2.10.jar:/Users/furkanzengin/.m2/repository/org/springframework/boot/spring-boot-starter-logging/3.2.10/spring-boot-starter-logging-3.2.10.jar:/Users/furkanzengin/.m2/repository/ch/qos/logback/logback-classic/1.4.14/logback-classic-1.4.14.jar:/Users/furkanzengin/.m2/repository/ch/qos/logback/logback-core/1.4.14/logback-core-1.4.14.jar:/Users/furkanzengin/.m2/repository/org/apache/logging/log4j/log4j-to-slf4j/2.21.1/log4j-to-slf4j-2.21.1.jar:/Users/furkanzengin/.m2/repository/org/apache/logging/log4j/log4j-api/2.21.1/log4j-api-2.21.1.jar:/Users/furkanzengin/.m2/repository/org/slf4j/jul-to-slf4j/2.0.16/jul-to-slf4j-2.0.16.jar:/Users/furkanzengin/.m2/repository/jakarta/annotation/jakarta.annotation-api/2.1.1/jakarta.annotation-api-2.1.1.jar:/Users/furkanzengin/.m2/repository/org/springframework/spring-core/6.1.13/spring-core-6.1.13.jar:/Users/furkanzengin/.m2/repository/org/springframework/spring-jcl/6.1.13/spring-jcl-6.1.13.jar:/Users/furkanzengin/.m2/repository/org/yaml/snakeyaml/2.2/snakeyaml-2.2.jar:/Users/furkanzengin/.m2/repository/com/karandev/com-karandev-util-console/14.4.0/com-karandev-util-console-14.4.0.jar:/Users/furkanzengin/.m2/repository/org/springframework/boot/spring-boot-starter-test/3.2.10/spring-boot-starter-test-3.2.10.jar:/Users/furkanzengin/.m2/repository/org/springframework/boot/spring-boot-test/3.2.10/spring-boot-test-3.2.10.jar:/Users/furkanzengin/.m2/repository/org/springframework/boot/spring-boot-test-autoconfigure/3.2.10/spring-boot-test-autoconfigure-3.2.10.jar:/Users/furkanzengin/.m2/repository/com/jayway/jsonpath/json-path/2.9.0/json-path-2.9.0.jar:/Users/furkanzengin/.m2/repository/org/slf4j/slf4j-api/2.0.16/slf4j-api-2.0.16.jar:/Users/furkanzengin/.m2/repository/jakarta/xml/bind/jakarta.xml.bind-api/4.0.2/jakarta.xml.bind-api-4.0.2.jar:/Users/furkanzengin/.m2/repository/jakarta/activation/jakarta.activation-api/2.1.3/jakarta.activation-api-2.1.3.jar:/Users/furkanzengin/.m2/repository/net/minidev/json-smart/2.5.1/json-smart-2.5.1.jar:/Users/furkanzengin/.m2/repository/net/minidev/accessors-smart/2.5.1/accessors-smart-2.5.1.jar:/Users/furkanzengin/.m2/repository/org/ow2/asm/asm/9.6/asm-9.6.jar:/Users/furkanzengin/.m2/repository/org/assertj/assertj-core/3.24.2/assertj-core-3.24.2.jar:/Users/furkanzengin/.m2/repository/net/bytebuddy/byte-buddy/1.14.19/byte-buddy-1.14.19.jar:/Users/furkanzengin/.m2/repository/org/awaitility/awaitility/4.2.2/awaitility-4.2.2.jar:/Users/furkanzengin/.m2/repository/org/hamcrest/hamcrest/2.2/hamcrest-2.2.jar:/Users/furkanzengin/.m2/repository/org/junit/jupiter/junit-jupiter/5.10.3/junit-jupiter-5.10.3.jar:/Users/furkanzengin/.m2/repository/org/junit/jupiter/junit-jupiter-api/5.10.3/junit-jupiter-api-5.10.3.jar:/Users/furkanzengin/.m2/repository/org/opentest4j/opentest4j/1.3.0/opentest4j-1.3.0.jar:/Users/furkanzengin/.m2/repository/org/junit/platform/junit-platform-commons/1.10.3/junit-platform-commons-1.10.3.jar:/Users/furkanzengin/.m2/repository/org/apiguardian/apiguardian-api/1.1.2/apiguardian-api-1.1.2.jar:/Users/furkanzengin/.m2/repository/org/junit/jupiter/junit-jupiter-params/5.10.3/junit-jupiter-params-5.10.3.jar:/Users/furkanzengin/.m2/repository/org/junit/jupiter/junit-jupiter-engine/5.10.3/junit-jupiter-engine-5.10.3.jar:/Users/furkanzengin/.m2/repository/org/junit/platform/junit-platform-engine/1.10.3/junit-platform-engine-1.10.3.jar:/Users/furkanzengin/.m2/repository/org/mockito/mockito-core/5.7.0/mockito-core-5.7.0.jar:/Users/furkanzengin/.m2/repository/net/bytebuddy/byte-buddy-agent/1.14.19/byte-buddy-agent-1.14.19.jar:/Users/furkanzengin/.m2/repository/org/objenesis/objenesis/3.3/objenesis-3.3.jar:/Users/furkanzengin/.m2/repository/org/mockito/mockito-junit-jupiter/5.7.0/mockito-junit-jupiter-5.7.0.jar:/Users/furkanzengin/.m2/repository/org/skyscreamer/jsonassert/1.5.3/jsonassert-1.5.3.jar:/Users/furkanzengin/.m2/repository/com/vaadin/external/google/android-json/0.0.20131108.vaadin1/android-json-0.0.20131108.vaadin1.jar:/Users/furkanzengin/.m2/repository/org/springframework/spring-test/6.1.13/spring-test-6.1.13.jar:/Users/furkanzengin/.m2/repository/org/xmlunit/xmlunit-core/2.9.1/xmlunit-core-2.9.1.jar:/Users/furkanzengin/.m2/repository/com/karandev/com-karandev-util-spring-datetime/14.0.0/com-karandev-util-spring-datetime-14.0.0.jar:"/>
    <property name="sun.cpu.endian" value="little"/>
    <property name="user.home" value="/Users/furkanzengin"/>
    <property name="user.language" value="tr"/>
    <property name="java.specification.vendor" value="Oracle Corporation"/>
    <property name="java.version.date" value="2023-01-17"/>
    <property name="java.home" value="/Library/Java/JavaVirtualMachines/jdk-17.jdk/Contents/Home"/>
    <property name="file.separator" value="/"/>
    <property name="basedir" value="/Users/furkanzengin/IdeaProjects/JavaApp1-Mar-2023/src/SpringBootExample/SpringApplications/002-Dependency Injection"/>
    <property name="java.vm.compressedOopsMode" value="Zero based"/>
    <property name="line.separator" value="&#10;"/>
    <property name="java.vm.specification.vendor" value="Oracle Corporation"/>
    <property name="java.specification.name" value="Java Platform API Specification"/>
    <property name="FILE_LOG_CHARSET" value="UTF-8"/>
    <property name="java.awt.headless" value="true"/>
    <property name="surefire.real.class.path" value="/Users/furkanzengin/IdeaProjects/JavaApp1-Mar-2023/src/SpringBootExample/SpringApplications/002-Dependency Injection/target/surefire/surefirebooter-20241004001549856_3.jar"/>
    <property name="sun.management.compiler" value="HotSpot 64-Bit Tiered Compilers"/>
    <property name="ftp.nonProxyHosts" value="local|*.local|169.254/16|*.169.254/16"/>
    <property name="java.runtime.version" value="17.0.6+9-LTS-190"/>
    <property name="user.name" value="furkanzengin"/>
    <property name="path.separator" value=":"/>
    <property name="os.version" value="14.5"/>
    <property name="java.runtime.name" value="Java(TM) SE Runtime Environment"/>
    <property name="file.encoding" value="UTF-8"/>
    <property name="java.vm.name" value="Java HotSpot(TM) 64-Bit Server VM"/>
    <property name="localRepository" value="/Users/furkanzengin/.m2/repository"/>
    <property name="java.vendor.url.bug" value="https://bugreport.java.com/bugreport/"/>
    <property name="java.io.tmpdir" value="/var/folders/n1/0185gfss079blqy8s7scw6640000gn/T/"/>
    <property name="idea.version" value="2022.3.2"/>
    <property name="java.version" value="17.0.6"/>
    <property name="user.dir" value="/Users/furkanzengin/IdeaProjects/JavaApp1-Mar-2023/src/SpringBootExample/SpringApplications/002-Dependency Injection"/>
    <property name="os.arch" value="aarch64"/>
    <property name="java.vm.specification.name" value="Java Virtual Machine Specification"/>
    <property name="PID" value="90105"/>
    <property name="CONSOLE_LOG_CHARSET" value="UTF-8"/>
    <property name="native.encoding" value="UTF-8"/>
    <property name="java.library.path" value="/Users/furkanzengin/Library/Java/Extensions:/Library/Java/Extensions:/Network/Library/Java/Extensions:/System/Library/Java/Extensions:/usr/lib/java:."/>
    <property name="java.vm.info" value="mixed mode, sharing"/>
    <property name="java.vendor" value="Oracle Corporation"/>
    <property name="java.vm.version" value="17.0.6+9-LTS-190"/>
    <property name="sun.io.unicode.encoding" value="UnicodeBig"/>
    <property name="socksNonProxyHosts" value="local|*.local|169.254/16|*.169.254/16"/>
    <property name="java.class.version" value="61.0"/>
    <property name="LOGGED_APPLICATION_NAME" value="[Application] "/>
  </properties>
  <testcase name="contextLoads" classname="org.csystem.app.ApplicationTests" time="0.488">
    <system-out><![CDATA[00:15:50.288 [main] INFO org.springframework.test.context.support.AnnotationConfigContextLoaderUtils -- Could not detect default configuration classes for test class [org.csystem.app.ApplicationTests]: ApplicationTests does not declare any static, non-private, non-final, nested classes annotated with @Configuration.
00:15:50.339 [main] INFO org.springframework.boot.test.context.SpringBootTestContextBootstrapper -- Found @SpringBootConfiguration org.csystem.app.Application for test class org.csystem.app.ApplicationTests

  .   ____          _            __ _ _
 /\\ / ___'_ __ _ _(_)_ __  __ _ \ \ \ \
( ( )\___ | '_ | '_| | '_ \/ _` | \ \ \ \
 \\/  ___)| |_)| | | | | || (_| |  ) ) ) )
  '  |____| .__|_| |_|_| |_\__, | / / / /
 =========|_|==============|___/=/_/_/_/
 :: Spring Boot ::               (v3.2.10)

2024-10-04T00:15:50.527+03:00  INFO 90105 --- [Application] [           main] org.csystem.app.ApplicationTests         : Starting ApplicationTests using Java 17.0.6 with PID 90105 (started by furkanzengin in /Users/furkanzengin/IdeaProjects/JavaApp1-Mar-2023/src/SpringBootExample/SpringApplications/002-Dependency Injection)
2024-10-04T00:15:50.528+03:00  INFO 90105 --- [Application] [           main] org.csystem.app.ApplicationTests         : No active profile set, falling back to 1 default profile: "default"
Today:04/10/2024
Now: 04/10/2024 24.15.50
Person{name='Melike', surname='Imre Zengin', birthDate=1997-12-10, educationStatus=MASTER}
Time: 24.15.50
2024-10-04T00:15:50.854+03:00  INFO 90105 --- [Application] [           main] org.csystem.app.ApplicationTests         : Started ApplicationTests in 0.456 seconds (process running for 0.936)
]]></system-out>
  </testcase>
</testsuite>